# JRE version: OpenJDK Runtime Environment (8.0_152-b38) (build 1.8.0_152-release-1136-b38)
# Java VM: OpenJDK 64-Bit Server VM (25.152-b38 mixed mode linux-amd64 compressed oops)
Heap:
 par new generation   total 153344K, used 79105K [0x00000000d1200000, 0x00000000db860000, 0x00000000db860000)
  eden space 136320K,  56% used [0x00000000d1200000, 0x00000000d5cf6b00, 0x00000000d9720000)
  from space 17024K,  13% used [0x00000000da7c0000, 0x00000000daa09b38, 0x00000000db860000)
  to   space 17024K,   0% used [0x00000000d9720000, 0x00000000d9720000, 0x00000000da7c0000)
 concurrent mark-sweep generation total 597632K, used 484225K [0x00000000db860000, 0x0000000100000000, 0x0000000100000000)
 Metaspace       used 373493K, capacity 398656K, committed 400600K, reserved 1396736K
  class space    used 47724K, capacity 53020K, committed 53344K, reserved 1048576K
GC Heap History (10 events):
Event: 259601.487 GC heap before
{Heap before GC invocations=2664 (full 45):
 par new generation   total 153344K, used 136698K [0x00000000d1200000, 0x00000000db860000, 0x00000000db860000)
  eden space 136320K, 100% used [0x00000000d1200000, 0x00000000d9720000, 0x00000000d9720000)
  from space 17024K,   2% used [0x00000000d9720000, 0x00000000d977eab0, 0x00000000da7c0000)
  to   space 17024K,   0% used [0x00000000da7c0000, 0x00000000da7c0000, 0x00000000db860000)
 concurrent mark-sweep generation total 597632K, used 484223K [0x00000000db860000, 0x0000000100000000, 0x0000000100000000)
 Metaspace       used 373340K, capacity 398356K, committed 400600K, reserved 1396736K
  class space    used 47700K, capacity 52980K, committed 53344K, reserved 1048576K
Event: 259601.504 GC heap after
Heap after GC invocations=2665 (full 45):
 par new generation   total 153344K, used 489K [0x00000000d1200000, 0x00000000db860000, 0x00000000db860000)
  eden space 136320K,   0% used [0x00000000d1200000, 0x00000000d1200000, 0x00000000d9720000)
  from space 17024K,   2% used [0x00000000da7c0000, 0x00000000da83a7e8, 0x00000000db860000)
  to   space 17024K,   0% used [0x00000000d9720000, 0x00000000d9720000, 0x00000000da7c0000)
 concurrent mark-sweep generation total 597632K, used 484224K [0x00000000db860000, 0x0000000100000000, 0x0000000100000000)
 Metaspace       used 373340K, capacity 398356K, committed 400600K, reserved 1396736K
  class space    used 47700K, capacity 52980K, committed 53344K, reserved 1048576K
}
Event: 259860.361 GC heap before
{Heap before GC invocations=2665 (full 45):
 par new generation   total 153344K, used 136809K [0x00000000d1200000, 0x00000000db860000, 0x00000000db860000)
  eden space 136320K, 100% used [0x00000000d1200000, 0x00000000d9720000, 0x00000000d9720000)
  from space 17024K,   2% used [0x00000000da7c0000, 0x00000000da83a7e8, 0x00000000db860000)
  to   space 17024K,   0% used [0x00000000d9720000, 0x00000000d9720000, 0x00000000da7c0000)
 concurrent mark-sweep generation total 597632K, used 484224K [0x00000000db860000, 0x0000000100000000, 0x0000000100000000)
 Metaspace       used 373340K, capacity 398356K, committed 400600K, reserved 1396736K
  class space    used 47700K, capacity 52980K, committed 53344K, reserved 1048576K
Event: 259860.378 GC heap after
Heap after GC invocations=2666 (full 45):
 par new generation   total 153344K, used 273K [0x00000000d1200000, 0x00000000db860000, 0x00000000db860000)
  eden space 136320K,   0% used [0x00000000d1200000, 0x00000000d1200000, 0x00000000d9720000)
  from space 17024K,   1% used [0x00000000d9720000, 0x00000000d9764718, 0x00000000da7c0000)
  to   space 17024K,   0% used [0x00000000da7c0000, 0x00000000da7c0000, 0x00000000db860000)
 concurrent mark-sweep generation total 597632K, used 484224K [0x00000000db860000, 0x0000000100000000, 0x0000000100000000)
 Metaspace       used 373340K, capacity 398356K, committed 400600K, reserved 1396736K
  class space    used 47700K, capacity 52980K, committed 53344K, reserved 1048576K
}
Event: 260120.135 GC heap before
{Heap before GC invocations=2666 (full 45):
 par new generation   total 153344K, used 136593K [0x00000000d1200000, 0x00000000db860000, 0x00000000db860000)
  eden space 136320K, 100% used [0x00000000d1200000, 0x00000000d9720000, 0x00000000d9720000)
  from space 17024K,   1% used [0x00000000d9720000, 0x00000000d9764718, 0x00000000da7c0000)
  to   space 17024K,   0% used [0x00000000da7c0000, 0x00000000da7c0000, 0x00000000db860000)
 concurrent mark-sweep generation total 597632K, used 484224K [0x00000000db860000, 0x0000000100000000, 0x0000000100000000)
 Metaspace       used 373340K, capacity 398356K, committed 400600K, reserved 1396736K
  class space    used 47700K, capacity 52980K, committed 53344K, reserved 1048576K
Event: 260120.143 GC heap after
Heap after GC invocations=2667 (full 45):
 par new generation   total 153344K, used 224K [0x00000000d1200000, 0x00000000db860000, 0x00000000db860000)
  eden space 136320K,   0% used [0x00000000d1200000, 0x00000000d1200000, 0x00000000d9720000)
  from space 17024K,   1% used [0x00000000da7c0000, 0x00000000da7f8318, 0x00000000db860000)
  to   space 17024K,   0% used [0x00000000d9720000, 0x00000000d9720000, 0x00000000da7c0000)
 concurrent mark-sweep generation total 597632K, used 484225K [0x00000000db860000, 0x0000000100000000, 0x0000000100000000)
 Metaspace       used 373340K, capacity 398356K, committed 400600K, reserved 1396736K
  class space    used 47700K, capacity 52980K, committed 53344K, reserved 1048576K
}
Event: 260448.553 GC heap before
{Heap before GC invocations=2667 (full 45):
 par new generation   total 153344K, used 136544K [0x00000000d1200000, 0x00000000db860000, 0x00000000db860000)
  eden space 136320K, 100% used [0x00000000d1200000, 0x00000000d9720000, 0x00000000d9720000)
  from space 17024K,   1% used [0x00000000da7c0000, 0x00000000da7f8318, 0x00000000db860000)
  to   space 17024K,   0% used [0x00000000d9720000, 0x00000000d9720000, 0x00000000da7c0000)
 concurrent mark-sweep generation total 597632K, used 484225K [0x00000000db860000, 0x0000000100000000, 0x0000000100000000)
 Metaspace       used 373458K, capacity 398578K, committed 400600K, reserved 1396736K
  class space    used 47720K, capacity 53017K, committed 53344K, reserved 1048576K
Event: 260448.593 GC heap after
Heap after GC invocations=2668 (full 45):
 par new generation   total 153344K, used 3492K [0x00000000d1200000, 0x00000000db860000, 0x00000000db860000)
  eden space 136320K,   0% used [0x00000000d1200000, 0x00000000d1200000, 0x00000000d9720000)
  from space 17024K,  20% used [0x00000000d9720000, 0x00000000d9a892b0, 0x00000000da7c0000)
  to   space 17024K,   0% used [0x00000000da7c0000, 0x00000000da7c0000, 0x00000000db860000)
 concurrent mark-sweep generation total 597632K, used 484225K [0x00000000db860000, 0x0000000100000000, 0x0000000100000000)
 Metaspace       used 373458K, capacity 398578K, committed 400600K, reserved 1396736K
  class space    used 47720K, capacity 53017K, committed 53344K, reserved 1048576K
}
Event: 261453.519 GC heap before
{Heap before GC invocations=2668 (full 45):
 par new generation   total 153344K, used 139812K [0x00000000d1200000, 0x00000000db860000, 0x00000000db860000)
  eden space 136320K, 100% used [0x00000000d1200000, 0x00000000d9720000, 0x00000000d9720000)
  from space 17024K,  20% used [0x00000000d9720000, 0x00000000d9a892b0, 0x00000000da7c0000)
  to   space 17024K,   0% used [0x00000000da7c0000, 0x00000000da7c0000, 0x00000000db860000)
 concurrent mark-sweep generation total 597632K, used 484225K [0x00000000db860000, 0x0000000100000000, 0x0000000100000000)
 Metaspace       used 373458K, capacity 398578K, committed 400600K, reserved 1396736K
  class space    used 47720K, capacity 53017K, committed 53344K, reserved 1048576K
Event: 261453.537 GC heap after
Heap after GC invocations=2669 (full 45):
 par new generation   total 153344K, used 2342K [0x00000000d1200000, 0x00000000db860000, 0x00000000db860000)
  eden space 136320K,   0% used [0x00000000d1200000, 0x00000000d1200000, 0x00000000d9720000)
  from space 17024K,  13% used [0x00000000da7c0000, 0x00000000daa09b38, 0x00000000db860000)
  to   space 17024K,   0% used [0x00000000d9720000, 0x00000000d9720000, 0x00000000da7c0000)
 concurrent mark-sweep generation total 597632K, used 484225K [0x00000000db860000, 0x0000000100000000, 0x0000000100000000)
 Metaspace       used 373458K, capacity 398578K, committed 400600K, reserved 1396736K
  class space    used 47720K, capacity 53017K, committed 53344K, reserved 1048576K
}

